\BOOKMARK [1][-]{section*.2}{\376\377\000I\000n\000t\000r\000o\000d\000u\000c\000t\000i\000o\000n}{}% 1
\BOOKMARK [2][-]{section*.3}{\376\377\000S\000y\000s\000t\000e\000m\000\040\000R\000e\000q\000u\000i\000r\000e\000m\000e\000n\000t\000s}{section*.2}% 2
\BOOKMARK [2][-]{section*.4}{\376\377\000G\000C\000C\000\040\000\050\000G\000N\000U\000\040\000C\000o\000m\000p\000i\000l\000e\000r\000\040\000C\000o\000l\000l\000e\000c\000t\000i\000o\000n\000\051}{section*.2}% 3
\BOOKMARK [1][-]{section*.5}{\376\377\000L\000i\000n\000u\000x\000\040\000B\000a\000s\000i\000c\000\040\000C\000o\000m\000m\000a\000n\000d\000s}{}% 4
\BOOKMARK [1][-]{section*.6}{\376\377\000F\000u\000n\000d\000a\000m\000e\000n\000t\000a\000l\000s\000\040\000o\000f\000\040\000C}{}% 5
\BOOKMARK [2][-]{section*.7}{\376\377\000D\000a\000t\000a\000t\000y\000p\000e\000s}{section*.6}% 6
\BOOKMARK [2][-]{section*.8}{\376\377\000O\000p\000e\000r\000a\000t\000o\000r\000s\000\040\000i\000n\000\040\000C\000\040\000-\000\040\000M\000o\000s\000t\000l\000y\000\040\000R\000e\000s\000e\000m\000b\000l\000e\000s\000\040\000J\000A\000V\000A\000\040\000O\000p\000e\000r\000a\000t\000o\000r\000s\000\040\000\050\000F\000u\000n\000c\000t\000i\000o\000n\000a\000l\000i\000t\000y\000\051}{section*.6}% 7
\BOOKMARK [2][-]{section*.9}{\376\377\000C\000\040\000I\000n\000p\000u\000t\000\040\000a\000n\000d\000\040\000P\000r\000i\000n\000t\000i\000n\000g}{section*.6}% 8
\BOOKMARK [2][-]{section*.13}{\376\377\000D\000e\000c\000i\000s\000i\000o\000n\000\040\000S\000t\000r\000u\000c\000t\000u\000r\000e}{section*.6}% 9
\BOOKMARK [1][-]{section*.16}{\376\377\000C\000\040\000K\000e\000y\000w\000o\000r\000d\000s}{}% 10
\BOOKMARK [1][-]{section*.22}{\376\377\000L\000o\000o\000p\000s}{}% 11
\BOOKMARK [1][-]{section*.26}{\376\377\000F\000u\000n\000c\000t\000i\000o\000n\000s\000\040\000\046\000\040\000A\000r\000r\000a\000y\000s}{}% 12
\BOOKMARK [2][-]{section*.27}{\376\377\000F\000u\000n\000c\000t\000i\000o\000n}{section*.26}% 13
\BOOKMARK [2][-]{section*.28}{\376\377\000A\000r\000r\000a\000y\000s}{section*.26}% 14
\BOOKMARK [1][-]{section*.30}{\376\377\000P\000o\000i\000n\000t\000e\000r\000s\000\040\000\046\000\040\000S\000t\000r\000u\000c\000t\000u\000r\000e\000s}{}% 15
\BOOKMARK [2][-]{section*.31}{\376\377\000P\000o\000i\000n\000t\000e\000r\000s}{section*.30}% 16
\BOOKMARK [2][-]{section*.34}{\376\377\000S\000t\000r\000u\000c\000t\000u\000r\000e\000s\000\040\000\050\000s\000t\000r\000u\000c\000t\000\051}{section*.30}% 17
\BOOKMARK [1][-]{section*.36}{\376\377\000P\000r\000o\000c\000e\000s\000s\000\040\000M\000a\000n\000a\000g\000e\000m\000e\000n\000t}{}% 18
\BOOKMARK [2][-]{section*.37}{\376\377\000F\000o\000r\000k\000\050\000\051}{section*.36}% 19
\BOOKMARK [2][-]{section*.39}{\376\377\000e\000x\000e\000c\000\050\000\051}{section*.36}% 20
\BOOKMARK [2][-]{section*.44}{\376\377\000w\000a\000i\000t\000\050\000\051}{section*.36}% 21
\BOOKMARK [2][-]{section*.46}{\376\377\000e\000x\000i\000t\000\050\000\051}{section*.36}% 22
